<?xml version="1.0" encoding="UTF-8"?>
<testsuite xmlns:xsi="http://www.w3.org/2001/XMLSchema-instance" xsi:noNamespaceSchemaLocation="https://maven.apache.org/surefire/maven-surefire-plugin/xsd/surefire-test-report-3.0.xsd" version="3.0" name="com.DataSoft.DataShift.DataShiftApplicationTests" time="3.401" tests="1" errors="0" skipped="0" failures="0">
  <properties>
[...]
</properties>
  <testcase name="contextLoads" classname="com.DataSoft.DataShift.DataShiftApplicationTests" time="0.968">
    <system-out><![CDATA[14:30:26.893 [main] INFO org.springframework.test.context.support.AnnotationConfigContextLoaderUtils -- Could not detect default configuration classes for test class [com.DataSoft.DataShift.DataShiftApplicationTests]: DataShiftApplicationTests does not declare any static, non-private, non-final, nested classes annotated with @Configuration.
14:30:27.032 [main] INFO org.springframework.boot.test.context.SpringBootTestContextBootstrapper -- Found @SpringBootConfiguration com.DataSoft.DataShift.Application for test class com.DataSoft.DataShift.DataShiftApplicationTests
14:30:27.234 [main] INFO org.springframework.boot.devtools.restart.RestartApplicationListener -- Restart disabled due to context in which it is running

  .   ____          _            __ _ _
 /\\ / ___'_ __ _ _(_)_ __  __ _ \ \ \ \
( ( )\___ | '_ | '_| | '_ \/ _` | \ \ \ \
 \\/  ___)| |_)| | | | | || (_| |  ) ) ) )
  '  |____| .__|_| |_|_| |_\__, | / / / /
 =========|_|==============|___/=/_/_/_/
 :: Spring Boot ::                (v3.2.3)

2024-06-27T14:30:27.488+06:00  INFO 7432 --- [           main] c.D.DataShift.DataShiftApplicationTests  : Starting DataShiftApplicationTests using Java 21.0.2 with PID 7432 (started by Md.Mizanur Rahman in D:\DataShift)
2024-06-27T14:30:27.489+06:00  INFO 7432 --- [           main] c.D.DataShift.DataShiftApplicationTests  : No active profile set, falling back to 1 default profile: "default"
2024-06-27T14:30:28.596+06:00  INFO 7432 --- [           main] o.s.b.a.w.s.WelcomePageHandlerMapping    : Adding welcome page: class path resource [static/index.html]
2024-06-27T14:30:29.109+06:00  INFO 7432 --- [           main] c.D.DataShift.DataShiftApplicationTests  : Started DataShiftApplicationTests in 1.893 seconds (process running for 3.101)
]]></system-out>
    <system-err><![CDATA[WARNING: A Java agent has been loaded dynamically (C:\Users\Md.Mizanur Rahman\.m2\repository\net\bytebuddy\byte-buddy-agent\1.14.12\byte-buddy-agent-1.14.12.jar)
WARNING: If a serviceability tool is in use, please run with -XX:+EnableDynamicAgentLoading to hide this warning
WARNING: If a serviceability tool is not in use, please run with -Djdk.instrument.traceUsage for more information
WARNING: Dynamic loading of agents will be disallowed by default in a future release
]]></system-err>
  </testcase>
</testsuite>